#
# There is insufficient memory for the Java Runtime Environment to continue.
# Native memory allocation (mmap) failed to map 268435456 bytes for G1 virtual space
# Possible reasons:
#   The system is out of physical RAM or swap space
#   The process is running with CompressedOops enabled, and the Java Heap may be blocking the growth of the native heap
# Possible solutions:
#   Reduce memory load on the system
#   Increase physical memory or swap space
#   Check if swap backing store is full
#   Decrease Java heap size (-Xmx/-Xms)
#   Decrease number of Java threads
#   Decrease Java thread stack sizes (-Xss)
#   Set larger code cache with -XX:ReservedCodeCacheSize=
#   JVM is running with Zero Based Compressed Oops mode in which the Java heap is
#     placed in the first 32GB address space. The Java Heap base address is the
#     maximum limit for the native heap growth. Please use -XX:HeapBaseMinAddress
#     to set the Java Heap base and to place the Java Heap above 32GB virtual address.
# This output file may be truncated or incomplete.
#
#  Out of Memory Error (os_windows.cpp:3530), pid=5416, tid=4008
#
# JRE version:  (18.0.2+9) (build )
# Java VM: OpenJDK 64-Bit Server VM (18.0.2+9-FR, mixed mode, sharing, tiered, compressed oops, compressed class ptrs, g1 gc, windows-amd64)
# No core dump will be written. Minidumps are not enabled by default on client versions of Windows
#

---------------  S U M M A R Y ------------

Command Line: -Dfile.encoding=windows-1251 -Dsun.stdout.encoding=windows-1251 -Dsun.stderr.encoding=windows-1251 C:\Users\alex\IdeaProjects\dipl\out\artifacts\dipl_jar\dipl.jar

Host: Intel(R) Core(TM) i7-2600 CPU @ 3.40GHz, 8 cores, 15G,  Windows 7 , 64 bit Build 7601 (6.1.7601.24545)
Time: Sun Jun  4 23:00:42 2023 RTZ 2 (зима) elapsed time: 0.124882 seconds (0d 0h 0m 0s)

---------------  T H R E A D  ---------------

Current thread (0x00000000003f89b0):  JavaThread "Unknown thread" [_thread_in_vm, id=4008, stack(0x0000000001db0000,0x0000000001eb0000)]

Stack: [0x0000000001db0000,0x0000000001eb0000]
Native frames: (J=compiled Java code, j=interpreted, Vv=VM code, C=native code)
V  [jvm.dll+0x685a2a]
V  [jvm.dll+0x82ae8d]
V  [jvm.dll+0x82c75e]
V  [jvm.dll+0x82ce03]
V  [jvm.dll+0x25ef4b]
V  [jvm.dll+0x6828ca]
V  [jvm.dll+0x67745a]
V  [jvm.dll+0x3243f9]
V  [jvm.dll+0x32ba86]
V  [jvm.dll+0x37e00a]
V  [jvm.dll+0x37e24f]
V  [jvm.dll+0x2fb50a]
V  [jvm.dll+0x2fc581]
V  [jvm.dll+0x7fb300]
V  [jvm.dll+0x38af71]
V  [jvm.dll+0x7dab95]
V  [jvm.dll+0x4058f3]
V  [jvm.dll+0x4072b1]
C  [jli.dll+0x519f]
C  [ucrtbase.DLL+0x203ba]
C  [kernel32.dll+0x1556d]
C  [ntdll.dll+0x5372d]


---------------  P R O C E S S  ---------------

Threads class SMR info:
_java_thread_list=0x000007fed7f59610, length=0, elements={
}

Java Threads: ( => current thread )

Other Threads:
  0x000000000043fc60 WorkerThread "GC Thread#0" [stack: 0x0000000023400000,0x0000000023500000] [id=3952]
  0x000000001ab23d70 ConcurrentGCThread "G1 Main Marker" [stack: 0x00000000236a0000,0x00000000237a0000] [id=10116]
  0x000000001ab24670 WorkerThread "G1 Conc#0" [stack: 0x0000000023500000,0x0000000023600000] [id=3392]

[error occurred during error reporting (printing all threads), id 0xc0000005, EXCEPTION_ACCESS_VIOLATION (0xc0000005) at pc=0x000007fed772c5c7]

VM state: not at safepoint (not fully initialized)

VM Mutex/Monitor currently owned by a thread:  ([mutex/lock_event])
[0x00000000003f4b60] Heap_lock - owner thread: 0x00000000003f89b0

Heap address: 0x0000000700c00000, size: 4084 MB, Compressed Oops mode: Zero based, Oop shift amount: 3

CDS archive(s) mapped at: [0x0000000000000000-0x0000000000000000-0x0000000000000000), size 0, SharedBaseAddress: 0x0000000800000000, ArchiveRelocationMode: 0.
Narrow klass base: 0x0000000000000000, Narrow klass shift: 0, Narrow klass range: 0x0

GC Precious Log:
 CardTable entry size: 512
 Card Set container configuration: InlinePtr #cards 4 size 8 Array Of Cards #cards 16 size 48 Howl #buckets 8 coarsen threshold 3686 Howl Bitmap #cards 512 size 80 coarsen threshold 460 Card regions per heap region 1 cards per card region 4096

Heap:
 garbage-first heap   total 0K, used 0K [0x0000000700c00000, 0x0000000800000000)
  region size 2048K, 0 young (0K), 0 survivors (0K)

[error occurred during error reporting (printing heap information), id 0xc0000005, EXCEPTION_ACCESS_VIOLATION (0xc0000005) at pc=0x000007fed7afd5a9]

GC Heap History (0 events):
No events

Deoptimization events (0 events):
No events

Classes loaded (0 events):
No events

Classes unloaded (0 events):
No events

Classes redefined (0 events):
No events

Internal exceptions (0 events):
No events

VM Operations (0 events):
No events

Events (1 events):
Event: 0.068 Loaded shared library C:\Users\alex\.jdks\corretto-18.0.2\bin\java.dll


Dynamic libraries:
0x000000013f6c0000 - 0x000000013f6cd000 	C:\Users\alex\.jdks\corretto-18.0.2\bin\java.exe
0x0000000076e10000 - 0x0000000076faf000 	C:\Windows\SYSTEM32\ntdll.dll
0x0000000076cf0000 - 0x0000000076e0f000 	C:\Windows\system32\kernel32.dll
0x000007fefcc90000 - 0x000007fefccf7000 	C:\Windows\system32\KERNELBASE.dll
0x000007fef3340000 - 0x000007fef3357000 	C:\Users\alex\.jdks\corretto-18.0.2\bin\jli.dll
0x000007fefb230000 - 0x000007fefb425000 	C:\Windows\WinSxS\amd64_microsoft.windows.common-controls_6595b64144ccf1df_6.0.7601.24483_none_e372d88f30fbb845\COMCTL32.dll
0x000007fefe890000 - 0x000007fefe92f000 	C:\Windows\system32\msvcrt.dll
0x000007fefe820000 - 0x000007fefe887000 	C:\Windows\system32\GDI32.dll
0x0000000076bf0000 - 0x0000000076ceb000 	C:\Windows\system32\USER32.dll
0x000007fefe9c0000 - 0x000007fefe9ce000 	C:\Windows\system32\LPK.dll
0x000007fefde20000 - 0x000007fefdeeb000 	C:\Windows\system32\USP10.dll
0x000007fefef80000 - 0x000007fefeff1000 	C:\Windows\system32\SHLWAPI.dll
0x000007fef30b0000 - 0x000007fef30c5000 	C:\Users\alex\.jdks\corretto-18.0.2\bin\VCRUNTIME140.dll
0x000007fef5960000 - 0x000007fef5964000 	C:\Users\alex\.jdks\corretto-18.0.2\bin\api-ms-win-crt-runtime-l1-1-0.dll
0x000007fedc960000 - 0x000007fedca5c000 	C:\Users\alex\.jdks\corretto-18.0.2\bin\ucrtbase.DLL
0x000007fef4160000 - 0x000007fef4163000 	C:\Users\alex\.jdks\corretto-18.0.2\bin\api-ms-win-core-localization-l1-2-0.dll
0x000007fef3830000 - 0x000007fef3833000 	C:\Users\alex\.jdks\corretto-18.0.2\bin\api-ms-win-core-processthreads-l1-1-1.dll
0x000007fef3800000 - 0x000007fef3803000 	C:\Users\alex\.jdks\corretto-18.0.2\bin\api-ms-win-core-file-l1-2-0.dll
0x000007fef13e0000 - 0x000007fef13e3000 	C:\Users\alex\.jdks\corretto-18.0.2\bin\api-ms-win-core-timezone-l1-1-0.dll
0x000007fef1220000 - 0x000007fef1223000 	C:\Users\alex\.jdks\corretto-18.0.2\bin\api-ms-win-core-file-l2-1-0.dll
0x000007fef0b00000 - 0x000007fef0b03000 	C:\Users\alex\.jdks\corretto-18.0.2\bin\api-ms-win-core-synch-l1-2-0.dll
0x000007fef0af0000 - 0x000007fef0af3000 	C:\Users\alex\.jdks\corretto-18.0.2\bin\api-ms-win-crt-heap-l1-1-0.dll
0x000007fef03e0000 - 0x000007fef03e4000 	C:\Users\alex\.jdks\corretto-18.0.2\bin\api-ms-win-crt-string-l1-1-0.dll
0x000007feeb8b0000 - 0x000007feeb8b4000 	C:\Users\alex\.jdks\corretto-18.0.2\bin\api-ms-win-crt-stdio-l1-1-0.dll
0x000007feeb8a0000 - 0x000007feeb8a4000 	C:\Users\alex\.jdks\corretto-18.0.2\bin\api-ms-win-crt-convert-l1-1-0.dll
0x000007feeb840000 - 0x000007feeb843000 	C:\Users\alex\.jdks\corretto-18.0.2\bin\api-ms-win-crt-environment-l1-1-0.dll
0x000007feeb830000 - 0x000007feeb833000 	C:\Users\alex\.jdks\corretto-18.0.2\bin\api-ms-win-crt-filesystem-l1-1-0.dll
0x000007feeb560000 - 0x000007feeb565000 	C:\Users\alex\.jdks\corretto-18.0.2\bin\api-ms-win-crt-math-l1-1-0.dll
0x000007fedd850000 - 0x000007fedd853000 	C:\Users\alex\.jdks\corretto-18.0.2\bin\api-ms-win-crt-locale-l1-1-0.dll
0x000007fefe9d0000 - 0x000007fefe9fe000 	C:\Windows\system32\IMM32.DLL
0x000007fefe170000 - 0x000007fefe27b000 	C:\Windows\system32\MSCTF.dll
0x000007fedc710000 - 0x000007fedc7ab000 	C:\Users\alex\.jdks\corretto-18.0.2\bin\msvcp140.dll
0x000007fedd840000 - 0x000007fedd843000 	C:\Users\alex\.jdks\corretto-18.0.2\bin\api-ms-win-crt-time-l1-1-0.dll
0x000007fedd720000 - 0x000007fedd723000 	C:\Users\alex\.jdks\corretto-18.0.2\bin\api-ms-win-crt-utility-l1-1-0.dll
0x000007fed7420000 - 0x000007fed8091000 	C:\Users\alex\.jdks\corretto-18.0.2\bin\server\jvm.dll
0x000007fefe740000 - 0x000007fefe81b000 	C:\Windows\system32\ADVAPI32.dll
0x000007fefe9a0000 - 0x000007fefe9bf000 	C:\Windows\SYSTEM32\sechost.dll
0x000007fefea00000 - 0x000007fefeb2c000 	C:\Windows\system32\RPCRT4.dll
0x000007fef66e0000 - 0x000007fef66e9000 	C:\Windows\system32\WSOCK32.dll
0x000007fefe930000 - 0x000007fefe97d000 	C:\Windows\system32\WS2_32.dll
0x000007fefe280000 - 0x000007fefe288000 	C:\Windows\system32\NSI.dll
0x000007fef9820000 - 0x000007fef985b000 	C:\Windows\system32\WINMM.dll
0x000007fefba40000 - 0x000007fefba4c000 	C:\Windows\system32\VERSION.dll
0x0000000076fb0000 - 0x0000000076fb7000 	C:\Windows\system32\PSAPI.DLL
0x000007fedd6e0000 - 0x000007fedd6ea000 	C:\Users\alex\.jdks\corretto-18.0.2\bin\jimage.dll
0x000007fefa670000 - 0x000007fefa795000 	C:\Windows\system32\DBGHELP.DLL
0x000007fedd4c0000 - 0x000007fedd4e5000 	C:\Users\alex\.jdks\corretto-18.0.2\bin\java.dll

dbghelp: loaded successfully - version: 4.0.5 - missing functions: none
symbol engine: initialized successfully - sym options: 0x614 - pdb path: .;C:\Users\alex\.jdks\corretto-18.0.2\bin;C:\Windows\SYSTEM32;C:\Windows\WinSxS\amd64_microsoft.windows.common-controls_6595b64144ccf1df_6.0.7601.24483_none_e372d88f30fbb845;C:\Users\alex\.jdks\corretto-18.0.2\bin\server

VM Arguments:
jvm_args: -Dfile.encoding=windows-1251 -Dsun.stdout.encoding=windows-1251 -Dsun.stderr.encoding=windows-1251 
java_command: C:\Users\alex\IdeaProjects\dipl\out\artifacts\dipl_jar\dipl.jar
java_class_path (initial): C:\Users\alex\IdeaProjects\dipl\out\artifacts\dipl_jar\dipl.jar
Launcher Type: SUN_STANDARD

[Global flags]
     intx CICompilerCount                          = 4                                         {product} {ergonomic}
     uint ConcGCThreads                            = 2                                         {product} {ergonomic}
     uint G1ConcRefinementThreads                  = 8                                         {product} {ergonomic}
   size_t G1HeapRegionSize                         = 2097152                                   {product} {ergonomic}
    uintx GCDrainStackTargetSize                   = 64                                        {product} {ergonomic}
   size_t InitialHeapSize                          = 268435456                                 {product} {ergonomic}
   size_t MarkStackSize                            = 4194304                                   {product} {ergonomic}
   size_t MaxHeapSize                              = 4282384384                                {product} {ergonomic}
   size_t MinHeapDeltaBytes                        = 2097152                                   {product} {ergonomic}
   size_t MinHeapSize                              = 8388608                                   {product} {ergonomic}
    uintx NonNMethodCodeHeapSize                   = 5839372                                {pd product} {ergonomic}
    uintx NonProfiledCodeHeapSize                  = 122909434                              {pd product} {ergonomic}
    uintx ProfiledCodeHeapSize                     = 122909434                              {pd product} {ergonomic}
    uintx ReservedCodeCacheSize                    = 251658240                              {pd product} {ergonomic}
     bool SegmentedCodeCache                       = true                                      {product} {ergonomic}
   size_t SoftMaxHeapSize                          = 4282384384                             {manageable} {ergonomic}
     bool UseCompressedClassPointers               = true                           {product lp64_product} {ergonomic}
     bool UseCompressedOops                        = true                           {product lp64_product} {ergonomic}
     bool UseG1GC                                  = true                                      {product} {ergonomic}
     bool UseLargePagesIndividualAllocation        = false                                  {pd product} {ergonomic}

Logging:
Log output configuration:
 #0: stdout all=warning uptime,level,tags foldmultilines=false
 #1: stderr all=off uptime,level,tags foldmultilines=false

Environment Variables:
PATH=C:\Program Files (x86)\NVIDIA Corporation\PhysX\Common;C:\ProgramData\Oracle\Java\javapath;C:\Windows\system32;C:\Windows;C:\Windows\System32\Wbem;C:\Windows\System32\WindowsPowerShell\v1.0\;C:\Program Files (x86)\Intel\OpenCL SDK\2.0\bin\x86;C:\Program Files (x86)\Intel\OpenCL SDK\2.0\bin\x64;C:\Program Files (x86)\Windows Kits\8.1\Windows Performance Toolkit\;C:\Program Files\PuTTY\;C:\Program Files\dotnet\;C:\Program Files (x86)\dotnet\;E:\cygwin\bin;C:\Windows\System32;C:\Program Files (x86)\MPICH2\bin;C:\Program Files\MySQL\MySQL Shell 8.0\bin\;C:\windows\system32;D:\IntelliJ IDEA Community Edition 2023.1\bin;;C:\Users\alex\.dotnet\tools;C:\intelFPGA_lite\19.1\modelsim_ase\win32aloem
USERNAME=alex
OS=Windows_NT
PROCESSOR_IDENTIFIER=Intel64 Family 6 Model 42 Stepping 7, GenuineIntel



---------------  S Y S T E M  ---------------

OS:
 Windows 7 , 64 bit Build 7601 (6.1.7601.24545)
OS uptime: 0 days 9:46 hours

CPU: total 8 (initial active 8) (4 cores per cpu, 2 threads per core) family 6 model 42 stepping 7 microcode 0x0, cx8, cmov, fxsr, ht, mmx, sse, sse2, sse3, ssse3, sse4.1, sse4.2, popcnt, tsc, tscinvbit, avx, aes, clmul, vzeroupper, clflush

Memory: 4k page, system-wide physical 16328M (6540M free)
TotalPageFile size 16326M (AvailPageFile size 44M)
current process WorkingSet (physical memory assigned to process): 11M, peak: 11M
current process commit charge ("private bytes"): 72M, peak: 326M

vm_info: OpenJDK 64-Bit Server VM (18.0.2+9-FR) for windows-amd64 JRE (18.0.2+9-FR), built on Jul 15 2022 20:03:03 by "Administrator" with MS VC++ 15.9 (VS2017)

END.
